# JRE version: Java(TM) SE Runtime Environment (17.0.6+9) (build 17.0.6+9-LTS-190)
# Java VM: Java HotSpot(TM) 64-Bit Server VM (17.0.6+9-LTS-190, mixed mode, emulated-client, sharing, tiered, compressed oops, compressed class ptrs, g1 gc, windows-amd64)
GC Precious Log:
 CPUs: 12 total, 12 available
 Memory: 16263M
 Large Page Support: Disabled
 NUMA Support: Disabled
 Compressed Oops: Enabled (Zero based)
 Heap Region Size: 2M
 Heap Min Capacity: 8M
 Heap Initial Capacity: 256M
 Heap Max Capacity: 4066M
 Pre-touch: Disabled
 Parallel Workers: 10
 Concurrent Workers: 3
 Concurrent Refinement Workers: 10
 Periodic GC: Disabled
Heap:
 garbage-first heap   total 49152K, used 20869K [0x0000000701e00000, 0x0000000800000000)
  region size 2048K, 4 young (8192K), 1 survivors (2048K)
 Metaspace       used 30754K, committed 31104K, reserved 1081344K
  class space    used 4029K, committed 4224K, reserved 1048576K
GC Heap History (20 events):
Event: 17.763 GC heap before
{Heap before GC invocations=0 (full 0):
 garbage-first heap   total 262144K, used 22528K [0x0000000701e00000, 0x0000000800000000)
  region size 2048K, 11 young (22528K), 0 survivors (0K)
 Metaspace       used 6447K, committed 6528K, reserved 1056768K
  class space    used 736K, committed 768K, reserved 1048576K
}
Event: 17.808 GC heap after
{Heap after GC invocations=1 (full 0):
 garbage-first heap   total 262144K, used 5708K [0x0000000701e00000, 0x0000000800000000)
  region size 2048K, 2 young (4096K), 2 survivors (4096K)
 Metaspace       used 6447K, committed 6528K, reserved 1056768K
  class space    used 736K, committed 768K, reserved 1048576K
}
Event: 18.812 GC heap before
{Heap before GC invocations=1 (full 0):
 garbage-first heap   total 262144K, used 30284K [0x0000000701e00000, 0x0000000800000000)
  region size 2048K, 15 young (30720K), 2 survivors (4096K)
 Metaspace       used 9141K, committed 9344K, reserved 1064960K
  class space    used 1095K, committed 1216K, reserved 1048576K
}
Event: 18.815 GC heap after
{Heap after GC invocations=2 (full 0):
 garbage-first heap   total 262144K, used 6837K [0x0000000701e00000, 0x0000000800000000)
  region size 2048K, 1 young (2048K), 1 survivors (2048K)
 Metaspace       used 9141K, committed 9344K, reserved 1064960K
  class space    used 1095K, committed 1216K, reserved 1048576K
}
Event: 27.570 GC heap before
{Heap before GC invocations=2 (full 0):
 garbage-first heap   total 262144K, used 158389K [0x0000000701e00000, 0x0000000800000000)
  region size 2048K, 76 young (155648K), 1 survivors (2048K)
 Metaspace       used 21144K, committed 21376K, reserved 1073152K
  class space    used 2758K, committed 2880K, reserved 1048576K
}
Event: 27.586 GC heap after
{Heap after GC invocations=3 (full 0):
 garbage-first heap   total 262144K, used 10678K [0x0000000701e00000, 0x0000000800000000)
  region size 2048K, 3 young (6144K), 3 survivors (6144K)
 Metaspace       used 21144K, committed 21376K, reserved 1073152K
  class space    used 2758K, committed 2880K, reserved 1048576K
}
Event: 27.772 GC heap before
{Heap before GC invocations=3 (full 0):
 garbage-first heap   total 262144K, used 10678K [0x0000000701e00000, 0x0000000800000000)
  region size 2048K, 4 young (8192K), 3 survivors (6144K)
 Metaspace       used 21226K, committed 21504K, reserved 1073152K
  class space    used 2768K, committed 2944K, reserved 1048576K
}
Event: 27.777 GC heap after
{Heap after GC invocations=4 (full 0):
 garbage-first heap   total 262144K, used 10834K [0x0000000701e00000, 0x0000000800000000)
  region size 2048K, 3 young (6144K), 3 survivors (6144K)
 Metaspace       used 21226K, committed 21504K, reserved 1073152K
  class space    used 2768K, committed 2944K, reserved 1048576K
}
Event: 28.950 GC heap before
{Heap before GC invocations=5 (full 0):
 garbage-first heap   total 49152K, used 31314K [0x0000000701e00000, 0x0000000800000000)
  region size 2048K, 14 young (28672K), 3 survivors (6144K)
 Metaspace       used 23002K, committed 23296K, reserved 1073152K
  class space    used 3042K, committed 3200K, reserved 1048576K
}
Event: 28.955 GC heap after
{Heap after GC invocations=6 (full 0):
 garbage-first heap   total 49152K, used 11748K [0x0000000701e00000, 0x0000000800000000)
  region size 2048K, 1 young (2048K), 1 survivors (2048K)
 Metaspace       used 23002K, committed 23296K, reserved 1073152K
  class space    used 3042K, committed 3200K, reserved 1048576K
}
Event: 29.062 GC heap before
{Heap before GC invocations=6 (full 0):
 garbage-first heap   total 49152K, used 13796K [0x0000000701e00000, 0x0000000800000000)
  region size 2048K, 2 young (4096K), 1 survivors (2048K)
 Metaspace       used 23379K, committed 23680K, reserved 1073152K
  class space    used 3098K, committed 3200K, reserved 1048576K
}
Event: 29.066 GC heap after
{Heap after GC invocations=7 (full 0):
 garbage-first heap   total 49152K, used 12160K [0x0000000701e00000, 0x0000000800000000)
  region size 2048K, 1 young (2048K), 1 survivors (2048K)
 Metaspace       used 23379K, committed 23680K, reserved 1073152K
  class space    used 3098K, committed 3200K, reserved 1048576K
}
Event: 29.831 GC heap before
{Heap before GC invocations=7 (full 0):
 garbage-first heap   total 49152K, used 32640K [0x0000000701e00000, 0x0000000800000000)
  region size 2048K, 11 young (22528K), 1 survivors (2048K)
 Metaspace       used 25248K, committed 25536K, reserved 1073152K
  class space    used 3371K, committed 3520K, reserved 1048576K
}
Event: 29.833 GC heap after
{Heap after GC invocations=8 (full 0):
 garbage-first heap   total 49152K, used 13483K [0x0000000701e00000, 0x0000000800000000)
  region size 2048K, 1 young (2048K), 1 survivors (2048K)
 Metaspace       used 25248K, committed 25536K, reserved 1073152K
  class space    used 3371K, committed 3520K, reserved 1048576K
}
Event: 31.938 GC heap before
{Heap before GC invocations=8 (full 0):
 garbage-first heap   total 49152K, used 33963K [0x0000000701e00000, 0x0000000800000000)
  region size 2048K, 11 young (22528K), 1 survivors (2048K)
 Metaspace       used 26711K, committed 27072K, reserved 1073152K
  class space    used 3527K, committed 3648K, reserved 1048576K
}
Event: 31.941 GC heap after
{Heap after GC invocations=9 (full 0):
 garbage-first heap   total 49152K, used 14780K [0x0000000701e00000, 0x0000000800000000)
  region size 2048K, 2 young (4096K), 2 survivors (4096K)
 Metaspace       used 26711K, committed 27072K, reserved 1073152K
  class space    used 3527K, committed 3648K, reserved 1048576K
}
Event: 35.951 GC heap before
{Heap before GC invocations=9 (full 0):
 garbage-first heap   total 49152K, used 33212K [0x0000000701e00000, 0x0000000800000000)
  region size 2048K, 11 young (22528K), 2 survivors (4096K)
 Metaspace       used 28462K, committed 28800K, reserved 1081344K
  class space    used 3738K, committed 3904K, reserved 1048576K
}
Event: 35.954 GC heap after
{Heap after GC invocations=10 (full 0):
 garbage-first heap   total 49152K, used 15806K [0x0000000701e00000, 0x0000000800000000)
  region size 2048K, 2 young (4096K), 2 survivors (4096K)
 Metaspace       used 28462K, committed 28800K, reserved 1081344K
  class space    used 3738K, committed 3904K, reserved 1048576K
}
Event: 37.335 GC heap before
{Heap before GC invocations=10 (full 0):
 garbage-first heap   total 49152K, used 32190K [0x0000000701e00000, 0x0000000800000000)
  region size 2048K, 11 young (22528K), 2 survivors (4096K)
 Metaspace       used 29873K, committed 30272K, reserved 1081344K
  class space    used 3924K, committed 4096K, reserved 1048576K
}
Event: 37.338 GC heap after
{Heap after GC invocations=11 (full 0):
 garbage-first heap   total 49152K, used 16773K [0x0000000701e00000, 0x0000000800000000)
  region size 2048K, 1 young (2048K), 1 survivors (2048K)
 Metaspace       used 29873K, committed 30272K, reserved 1081344K
  class space    used 3924K, committed 4096K, reserved 1048576K
}

