# JRE version: Java(TM) SE Runtime Environment (17.0.6+9) (build 17.0.6+9-LTS-190)
# Java VM: Java HotSpot(TM) 64-Bit Server VM (17.0.6+9-LTS-190, mixed mode, emulated-client, sharing, tiered, compressed oops, compressed class ptrs, g1 gc, windows-amd64)
GC Precious Log:
 CPUs: 12 total, 12 available
 Memory: 16263M
 Large Page Support: Disabled
 NUMA Support: Disabled
 Compressed Oops: Enabled (Zero based)
 Heap Region Size: 2M
 Heap Min Capacity: 8M
 Heap Initial Capacity: 256M
 Heap Max Capacity: 4066M
 Pre-touch: Disabled
 Parallel Workers: 10
 Concurrent Workers: 3
 Concurrent Refinement Workers: 10
 Periodic GC: Disabled
Heap:
 garbage-first heap   total 49152K, used 21867K [0x0000000701e00000, 0x0000000800000000)
  region size 2048K, 5 young (10240K), 2 survivors (4096K)
 Metaspace       used 29791K, committed 30144K, reserved 1081344K
  class space    used 3910K, committed 4096K, reserved 1048576K
GC Heap History (20 events):
Event: 15.543 GC heap before
{Heap before GC invocations=0 (full 0):
 garbage-first heap   total 262144K, used 22528K [0x0000000701e00000, 0x0000000800000000)
  region size 2048K, 11 young (22528K), 0 survivors (0K)
 Metaspace       used 6493K, committed 6656K, reserved 1056768K
  class space    used 742K, committed 832K, reserved 1048576K
}
Event: 15.593 GC heap after
{Heap after GC invocations=1 (full 0):
 garbage-first heap   total 262144K, used 5739K [0x0000000701e00000, 0x0000000800000000)
  region size 2048K, 2 young (4096K), 2 survivors (4096K)
 Metaspace       used 6493K, committed 6656K, reserved 1056768K
  class space    used 742K, committed 832K, reserved 1048576K
}
Event: 16.997 GC heap before
{Heap before GC invocations=1 (full 0):
 garbage-first heap   total 262144K, used 32363K [0x0000000701e00000, 0x0000000800000000)
  region size 2048K, 15 young (30720K), 2 survivors (4096K)
 Metaspace       used 9198K, committed 9408K, reserved 1064960K
  class space    used 1105K, committed 1216K, reserved 1048576K
}
Event: 17.001 GC heap after
{Heap after GC invocations=2 (full 0):
 garbage-first heap   total 262144K, used 6730K [0x0000000701e00000, 0x0000000800000000)
  region size 2048K, 1 young (2048K), 1 survivors (2048K)
 Metaspace       used 9198K, committed 9408K, reserved 1064960K
  class space    used 1105K, committed 1216K, reserved 1048576K
}
Event: 26.639 GC heap before
{Heap before GC invocations=2 (full 0):
 garbage-first heap   total 262144K, used 160330K [0x0000000701e00000, 0x0000000800000000)
  region size 2048K, 76 young (155648K), 1 survivors (2048K)
 Metaspace       used 21248K, committed 21504K, reserved 1073152K
  class space    used 2777K, committed 2880K, reserved 1048576K
}
Event: 26.645 GC heap after
{Heap after GC invocations=3 (full 0):
 garbage-first heap   total 262144K, used 10649K [0x0000000701e00000, 0x0000000800000000)
  region size 2048K, 3 young (6144K), 3 survivors (6144K)
 Metaspace       used 21248K, committed 21504K, reserved 1073152K
  class space    used 2777K, committed 2880K, reserved 1048576K
}
Event: 26.660 GC heap before
{Heap before GC invocations=3 (full 0):
 garbage-first heap   total 262144K, used 10649K [0x0000000701e00000, 0x0000000800000000)
  region size 2048K, 4 young (8192K), 3 survivors (6144K)
 Metaspace       used 21267K, committed 21504K, reserved 1073152K
  class space    used 2780K, committed 2880K, reserved 1048576K
}
Event: 26.664 GC heap after
{Heap after GC invocations=4 (full 0):
 garbage-first heap   total 262144K, used 10765K [0x0000000701e00000, 0x0000000800000000)
  region size 2048K, 3 young (6144K), 3 survivors (6144K)
 Metaspace       used 21267K, committed 21504K, reserved 1073152K
  class space    used 2780K, committed 2880K, reserved 1048576K
}
Event: 27.584 GC heap before
{Heap before GC invocations=5 (full 0):
 garbage-first heap   total 49152K, used 33293K [0x0000000701e00000, 0x0000000800000000)
  region size 2048K, 14 young (28672K), 3 survivors (6144K)
 Metaspace       used 22833K, committed 23168K, reserved 1073152K
  class space    used 3015K, committed 3136K, reserved 1048576K
}
Event: 27.590 GC heap after
{Heap after GC invocations=6 (full 0):
 garbage-first heap   total 49152K, used 11594K [0x0000000701e00000, 0x0000000800000000)
  region size 2048K, 1 young (2048K), 1 survivors (2048K)
 Metaspace       used 22833K, committed 23168K, reserved 1073152K
  class space    used 3015K, committed 3136K, reserved 1048576K
}
Event: 27.667 GC heap before
{Heap before GC invocations=6 (full 0):
 garbage-first heap   total 49152K, used 13642K [0x0000000701e00000, 0x0000000800000000)
  region size 2048K, 2 young (4096K), 1 survivors (2048K)
 Metaspace       used 23020K, committed 23360K, reserved 1073152K
  class space    used 3043K, committed 3200K, reserved 1048576K
}
Event: 27.669 GC heap after
{Heap after GC invocations=7 (full 0):
 garbage-first heap   total 49152K, used 11919K [0x0000000701e00000, 0x0000000800000000)
  region size 2048K, 1 young (2048K), 1 survivors (2048K)
 Metaspace       used 23020K, committed 23360K, reserved 1073152K
  class space    used 3043K, committed 3200K, reserved 1048576K
}
Event: 28.609 GC heap before
{Heap before GC invocations=7 (full 0):
 garbage-first heap   total 49152K, used 30351K [0x0000000701e00000, 0x0000000800000000)
  region size 2048K, 11 young (22528K), 1 survivors (2048K)
 Metaspace       used 24776K, committed 25088K, reserved 1073152K
  class space    used 3329K, committed 3520K, reserved 1048576K
}
Event: 28.612 GC heap after
{Heap after GC invocations=8 (full 0):
 garbage-first heap   total 49152K, used 13248K [0x0000000701e00000, 0x0000000800000000)
  region size 2048K, 2 young (4096K), 2 survivors (4096K)
 Metaspace       used 24776K, committed 25088K, reserved 1073152K
  class space    used 3329K, committed 3520K, reserved 1048576K
}
Event: 31.099 GC heap before
{Heap before GC invocations=8 (full 0):
 garbage-first heap   total 49152K, used 31680K [0x0000000701e00000, 0x0000000800000000)
  region size 2048K, 11 young (22528K), 2 survivors (4096K)
 Metaspace       used 26177K, committed 26496K, reserved 1073152K
  class space    used 3479K, committed 3648K, reserved 1048576K
}
Event: 31.103 GC heap after
{Heap after GC invocations=9 (full 0):
 garbage-first heap   total 49152K, used 15219K [0x0000000701e00000, 0x0000000800000000)
  region size 2048K, 2 young (4096K), 2 survivors (4096K)
 Metaspace       used 26177K, committed 26496K, reserved 1073152K
  class space    used 3479K, committed 3648K, reserved 1048576K
}
Event: 34.183 GC heap before
{Heap before GC invocations=9 (full 0):
 garbage-first heap   total 49152K, used 33651K [0x0000000701e00000, 0x0000000800000000)
  region size 2048K, 11 young (22528K), 2 survivors (4096K)
 Metaspace       used 28260K, committed 28608K, reserved 1081344K
  class space    used 3709K, committed 3904K, reserved 1048576K
}
Event: 34.186 GC heap after
{Heap after GC invocations=10 (full 0):
 garbage-first heap   total 49152K, used 15561K [0x0000000701e00000, 0x0000000800000000)
  region size 2048K, 2 young (4096K), 2 survivors (4096K)
 Metaspace       used 28260K, committed 28608K, reserved 1081344K
  class space    used 3709K, committed 3904K, reserved 1048576K
}
Event: 36.450 GC heap before
{Heap before GC invocations=10 (full 0):
 garbage-first heap   total 49152K, used 31945K [0x0000000701e00000, 0x0000000800000000)
  region size 2048K, 11 young (22528K), 2 survivors (4096K)
 Metaspace       used 29181K, committed 29504K, reserved 1081344K
  class space    used 3857K, committed 4032K, reserved 1048576K
}
Event: 36.454 GC heap after
{Heap after GC invocations=11 (full 0):
 garbage-first heap   total 49152K, used 17771K [0x0000000701e00000, 0x0000000800000000)
  region size 2048K, 2 young (4096K), 2 survivors (4096K)
 Metaspace       used 29181K, committed 29504K, reserved 1081344K
  class space    used 3857K, committed 4032K, reserved 1048576K
}

