# JRE version: Java(TM) SE Runtime Environment (17.0.6+9) (build 17.0.6+9-LTS-190)
# Java VM: Java HotSpot(TM) 64-Bit Server VM (17.0.6+9-LTS-190, mixed mode, emulated-client, sharing, tiered, compressed oops, compressed class ptrs, g1 gc, windows-amd64)
GC Precious Log:
 CPUs: 12 total, 12 available
 Memory: 16263M
 Large Page Support: Disabled
 NUMA Support: Disabled
 Compressed Oops: Enabled (Zero based)
 Heap Region Size: 2M
 Heap Min Capacity: 8M
 Heap Initial Capacity: 256M
 Heap Max Capacity: 4066M
 Pre-touch: Disabled
 Parallel Workers: 10
 Concurrent Workers: 3
 Concurrent Refinement Workers: 10
 Periodic GC: Disabled
Heap:
 garbage-first heap   total 49152K, used 33995K [0x0000000701e00000, 0x0000000800000000)
  region size 2048K, 11 young (22528K), 2 survivors (4096K)
 Metaspace       used 33752K, committed 34048K, reserved 1081344K
  class space    used 4462K, committed 4608K, reserved 1048576K
GC Heap History (20 events):
Event: 29.815 GC heap before
{Heap before GC invocations=1 (full 0):
 garbage-first heap   total 262144K, used 30307K [0x0000000701e00000, 0x0000000800000000)
  region size 2048K, 15 young (30720K), 2 survivors (4096K)
 Metaspace       used 9174K, committed 9408K, reserved 1064960K
  class space    used 1103K, committed 1216K, reserved 1048576K
}
Event: 29.819 GC heap after
{Heap after GC invocations=2 (full 0):
 garbage-first heap   total 262144K, used 6749K [0x0000000701e00000, 0x0000000800000000)
  region size 2048K, 1 young (2048K), 1 survivors (2048K)
 Metaspace       used 9174K, committed 9408K, reserved 1064960K
  class space    used 1103K, committed 1216K, reserved 1048576K
}
Event: 37.255 GC heap before
{Heap before GC invocations=2 (full 0):
 garbage-first heap   total 262144K, used 158301K [0x0000000701e00000, 0x0000000800000000)
  region size 2048K, 76 young (155648K), 1 survivors (2048K)
 Metaspace       used 21290K, committed 21504K, reserved 1073152K
  class space    used 2782K, committed 2880K, reserved 1048576K
}
Event: 37.262 GC heap after
{Heap after GC invocations=3 (full 0):
 garbage-first heap   total 262144K, used 10605K [0x0000000701e00000, 0x0000000800000000)
  region size 2048K, 3 young (6144K), 3 survivors (6144K)
 Metaspace       used 21290K, committed 21504K, reserved 1073152K
  class space    used 2782K, committed 2880K, reserved 1048576K
}
Event: 38.730 GC heap before
{Heap before GC invocations=4 (full 0):
 garbage-first heap   total 49152K, used 33133K [0x0000000701e00000, 0x0000000800000000)
  region size 2048K, 14 young (28672K), 3 survivors (6144K)
 Metaspace       used 22811K, committed 23104K, reserved 1073152K
  class space    used 3012K, committed 3136K, reserved 1048576K
}
Event: 38.736 GC heap after
{Heap after GC invocations=5 (full 0):
 garbage-first heap   total 49152K, used 11530K [0x0000000701e00000, 0x0000000800000000)
  region size 2048K, 1 young (2048K), 1 survivors (2048K)
 Metaspace       used 22811K, committed 23104K, reserved 1073152K
  class space    used 3012K, committed 3136K, reserved 1048576K
}
Event: 38.782 GC heap before
{Heap before GC invocations=5 (full 0):
 garbage-first heap   total 49152K, used 11530K [0x0000000701e00000, 0x0000000800000000)
  region size 2048K, 2 young (4096K), 1 survivors (2048K)
 Metaspace       used 23000K, committed 23360K, reserved 1073152K
  class space    used 3042K, committed 3200K, reserved 1048576K
}
Event: 38.785 GC heap after
{Heap after GC invocations=6 (full 0):
 garbage-first heap   total 49152K, used 11721K [0x0000000701e00000, 0x0000000800000000)
  region size 2048K, 1 young (2048K), 1 survivors (2048K)
 Metaspace       used 23000K, committed 23360K, reserved 1073152K
  class space    used 3042K, committed 3200K, reserved 1048576K
}
Event: 39.982 GC heap before
{Heap before GC invocations=6 (full 0):
 garbage-first heap   total 49152K, used 30153K [0x0000000701e00000, 0x0000000800000000)
  region size 2048K, 10 young (20480K), 1 survivors (2048K)
 Metaspace       used 24518K, committed 24768K, reserved 1073152K
  class space    used 3298K, committed 3392K, reserved 1048576K
}
Event: 39.984 GC heap after
{Heap after GC invocations=7 (full 0):
 garbage-first heap   total 49152K, used 12954K [0x0000000701e00000, 0x0000000800000000)
  region size 2048K, 2 young (4096K), 2 survivors (4096K)
 Metaspace       used 24518K, committed 24768K, reserved 1073152K
  class space    used 3298K, committed 3392K, reserved 1048576K
}
Event: 40.986 GC heap before
{Heap before GC invocations=7 (full 0):
 garbage-first heap   total 49152K, used 29338K [0x0000000701e00000, 0x0000000800000000)
  region size 2048K, 11 young (22528K), 2 survivors (4096K)
 Metaspace       used 26176K, committed 26496K, reserved 1073152K
  class space    used 3479K, committed 3648K, reserved 1048576K
}
Event: 40.990 GC heap after
{Heap after GC invocations=8 (full 0):
 garbage-first heap   total 49152K, used 14135K [0x0000000701e00000, 0x0000000800000000)
  region size 2048K, 2 young (4096K), 2 survivors (4096K)
 Metaspace       used 26176K, committed 26496K, reserved 1073152K
  class space    used 3479K, committed 3648K, reserved 1048576K
}
Event: 43.395 GC heap before
{Heap before GC invocations=8 (full 0):
 garbage-first heap   total 49152K, used 32567K [0x0000000701e00000, 0x0000000800000000)
  region size 2048K, 11 young (22528K), 2 survivors (4096K)
 Metaspace       used 27610K, committed 27904K, reserved 1081344K
  class space    used 3639K, committed 3776K, reserved 1048576K
}
Event: 43.399 GC heap after
{Heap after GC invocations=9 (full 0):
 garbage-first heap   total 49152K, used 15230K [0x0000000701e00000, 0x0000000800000000)
  region size 2048K, 2 young (4096K), 2 survivors (4096K)
 Metaspace       used 27610K, committed 27904K, reserved 1081344K
  class space    used 3639K, committed 3776K, reserved 1048576K
}
Event: 44.708 GC heap before
{Heap before GC invocations=9 (full 0):
 garbage-first heap   total 49152K, used 33662K [0x0000000701e00000, 0x0000000800000000)
  region size 2048K, 11 young (22528K), 2 survivors (4096K)
 Metaspace       used 29169K, committed 29504K, reserved 1081344K
  class space    used 3854K, committed 3968K, reserved 1048576K
}
Event: 44.711 GC heap after
{Heap after GC invocations=10 (full 0):
 garbage-first heap   total 49152K, used 16504K [0x0000000701e00000, 0x0000000800000000)
  region size 2048K, 2 young (4096K), 2 survivors (4096K)
 Metaspace       used 29169K, committed 29504K, reserved 1081344K
  class space    used 3854K, committed 3968K, reserved 1048576K
}
Event: 47.226 GC heap before
{Heap before GC invocations=10 (full 0):
 garbage-first heap   total 49152K, used 34936K [0x0000000701e00000, 0x0000000800000000)
  region size 2048K, 11 young (22528K), 2 survivors (4096K)
 Metaspace       used 31791K, committed 32128K, reserved 1081344K
  class space    used 4179K, committed 4352K, reserved 1048576K
}
Event: 47.228 GC heap after
{Heap after GC invocations=11 (full 0):
 garbage-first heap   total 49152K, used 17210K [0x0000000701e00000, 0x0000000800000000)
  region size 2048K, 1 young (2048K), 1 survivors (2048K)
 Metaspace       used 31791K, committed 32128K, reserved 1081344K
  class space    used 4179K, committed 4352K, reserved 1048576K
}
Event: 49.020 GC heap before
{Heap before GC invocations=11 (full 0):
 garbage-first heap   total 49152K, used 33594K [0x0000000701e00000, 0x0000000800000000)
  region size 2048K, 10 young (20480K), 1 survivors (2048K)
 Metaspace       used 32770K, committed 33088K, reserved 1081344K
  class space    used 4318K, committed 4480K, reserved 1048576K
}
Event: 49.022 GC heap after
{Heap after GC invocations=12 (full 0):
 garbage-first heap   total 49152K, used 17611K [0x0000000701e00000, 0x0000000800000000)
  region size 2048K, 2 young (4096K), 2 survivors (4096K)
 Metaspace       used 32770K, committed 33088K, reserved 1081344K
  class space    used 4318K, committed 4480K, reserved 1048576K
}

