# JRE version: Java(TM) SE Runtime Environment (17.0.6+9) (build 17.0.6+9-LTS-190)
# Java VM: Java HotSpot(TM) 64-Bit Server VM (17.0.6+9-LTS-190, mixed mode, emulated-client, sharing, tiered, compressed oops, compressed class ptrs, g1 gc, windows-amd64)
GC Precious Log:
 CPUs: 12 total, 12 available
 Memory: 16263M
 Large Page Support: Disabled
 NUMA Support: Disabled
 Compressed Oops: Enabled (Zero based)
 Heap Region Size: 2M
 Heap Min Capacity: 8M
 Heap Initial Capacity: 256M
 Heap Max Capacity: 4066M
 Pre-touch: Disabled
 Parallel Workers: 10
 Concurrent Workers: 3
 Concurrent Refinement Workers: 10
 Periodic GC: Disabled
Heap:
 garbage-first heap   total 49152K, used 29429K [0x0000000701e00000, 0x0000000800000000)
  region size 2048K, 8 young (16384K), 2 survivors (4096K)
 Metaspace       used 35193K, committed 35584K, reserved 1081344K
  class space    used 4666K, committed 4864K, reserved 1048576K
GC Heap History (20 events):
Event: 21.695 GC heap before
{Heap before GC invocations=3 (full 0):
 garbage-first heap   total 262144K, used 14632K [0x0000000701e00000, 0x0000000800000000)
  region size 2048K, 6 young (12288K), 3 survivors (6144K)
 Metaspace       used 21225K, committed 21504K, reserved 1073152K
  class space    used 2770K, committed 2944K, reserved 1048576K
}
Event: 21.699 GC heap after
{Heap after GC invocations=4 (full 0):
 garbage-first heap   total 262144K, used 10791K [0x0000000701e00000, 0x0000000800000000)
  region size 2048K, 3 young (6144K), 3 survivors (6144K)
 Metaspace       used 21225K, committed 21504K, reserved 1073152K
  class space    used 2770K, committed 2944K, reserved 1048576K
}
Event: 23.112 GC heap before
{Heap before GC invocations=5 (full 0):
 garbage-first heap   total 49152K, used 33319K [0x0000000701e00000, 0x0000000800000000)
  region size 2048K, 14 young (28672K), 3 survivors (6144K)
 Metaspace       used 22862K, committed 23168K, reserved 1073152K
  class space    used 3027K, committed 3200K, reserved 1048576K
}
Event: 23.119 GC heap after
{Heap after GC invocations=6 (full 0):
 garbage-first heap   total 49152K, used 11913K [0x0000000701e00000, 0x0000000800000000)
  region size 2048K, 1 young (2048K), 1 survivors (2048K)
 Metaspace       used 22862K, committed 23168K, reserved 1073152K
  class space    used 3027K, committed 3200K, reserved 1048576K
}
Event: 23.168 GC heap before
{Heap before GC invocations=6 (full 0):
 garbage-first heap   total 49152K, used 13961K [0x0000000701e00000, 0x0000000800000000)
  region size 2048K, 2 young (4096K), 1 survivors (2048K)
 Metaspace       used 23092K, committed 23424K, reserved 1073152K
  class space    used 3053K, committed 3200K, reserved 1048576K
}
Event: 23.171 GC heap after
{Heap after GC invocations=7 (full 0):
 garbage-first heap   total 49152K, used 12031K [0x0000000701e00000, 0x0000000800000000)
  region size 2048K, 1 young (2048K), 1 survivors (2048K)
 Metaspace       used 23092K, committed 23424K, reserved 1073152K
  class space    used 3053K, committed 3200K, reserved 1048576K
}
Event: 24.940 GC heap before
{Heap before GC invocations=7 (full 0):
 garbage-first heap   total 49152K, used 30463K [0x0000000701e00000, 0x0000000800000000)
  region size 2048K, 11 young (22528K), 1 survivors (2048K)
 Metaspace       used 25142K, committed 25472K, reserved 1073152K
  class space    used 3368K, committed 3520K, reserved 1048576K
}
Event: 24.942 GC heap after
{Heap after GC invocations=8 (full 0):
 garbage-first heap   total 49152K, used 13165K [0x0000000701e00000, 0x0000000800000000)
  region size 2048K, 1 young (2048K), 1 survivors (2048K)
 Metaspace       used 25142K, committed 25472K, reserved 1073152K
  class space    used 3368K, committed 3520K, reserved 1048576K
}
Event: 25.946 GC heap before
{Heap before GC invocations=8 (full 0):
 garbage-first heap   total 49152K, used 33645K [0x0000000701e00000, 0x0000000800000000)
  region size 2048K, 11 young (22528K), 1 survivors (2048K)
 Metaspace       used 26667K, committed 26944K, reserved 1073152K
  class space    used 3526K, committed 3648K, reserved 1048576K
}
Event: 25.949 GC heap after
{Heap after GC invocations=9 (full 0):
 garbage-first heap   total 49152K, used 14840K [0x0000000701e00000, 0x0000000800000000)
  region size 2048K, 2 young (4096K), 2 survivors (4096K)
 Metaspace       used 26667K, committed 26944K, reserved 1073152K
  class space    used 3526K, committed 3648K, reserved 1048576K
}
Event: 27.924 GC heap before
{Heap before GC invocations=9 (full 0):
 garbage-first heap   total 49152K, used 33272K [0x0000000701e00000, 0x0000000800000000)
  region size 2048K, 11 young (22528K), 2 survivors (4096K)
 Metaspace       used 28394K, committed 28736K, reserved 1081344K
  class space    used 3728K, committed 3904K, reserved 1048576K
}
Event: 27.927 GC heap after
{Heap after GC invocations=10 (full 0):
 garbage-first heap   total 49152K, used 15588K [0x0000000701e00000, 0x0000000800000000)
  region size 2048K, 2 young (4096K), 2 survivors (4096K)
 Metaspace       used 28394K, committed 28736K, reserved 1081344K
  class space    used 3728K, committed 3904K, reserved 1048576K
}
Event: 28.644 GC heap before
{Heap before GC invocations=10 (full 0):
 garbage-first heap   total 49152K, used 34020K [0x0000000701e00000, 0x0000000800000000)
  region size 2048K, 11 young (22528K), 2 survivors (4096K)
 Metaspace       used 29772K, committed 30144K, reserved 1081344K
  class space    used 3911K, committed 4096K, reserved 1048576K
}
Event: 28.647 GC heap after
{Heap after GC invocations=11 (full 0):
 garbage-first heap   total 49152K, used 16810K [0x0000000701e00000, 0x0000000800000000)
  region size 2048K, 1 young (2048K), 1 survivors (2048K)
 Metaspace       used 29772K, committed 30144K, reserved 1081344K
  class space    used 3911K, committed 4096K, reserved 1048576K
}
Event: 29.006 GC heap before
{Heap before GC invocations=11 (full 0):
 garbage-first heap   total 49152K, used 33194K [0x0000000701e00000, 0x0000000800000000)
  region size 2048K, 10 young (20480K), 1 survivors (2048K)
 Metaspace       used 32088K, committed 32512K, reserved 1081344K
  class space    used 4221K, committed 4416K, reserved 1048576K
}
Event: 29.008 GC heap after
{Heap after GC invocations=12 (full 0):
 garbage-first heap   total 49152K, used 17136K [0x0000000701e00000, 0x0000000800000000)
  region size 2048K, 2 young (4096K), 2 survivors (4096K)
 Metaspace       used 32088K, committed 32512K, reserved 1081344K
  class space    used 4221K, committed 4416K, reserved 1048576K
}
Event: 30.581 GC heap before
{Heap before GC invocations=12 (full 0):
 garbage-first heap   total 49152K, used 33520K [0x0000000701e00000, 0x0000000800000000)
  region size 2048K, 11 young (22528K), 2 survivors (4096K)
 Metaspace       used 33159K, committed 33536K, reserved 1081344K
  class space    used 4377K, committed 4544K, reserved 1048576K
}
Event: 30.583 GC heap after
{Heap after GC invocations=13 (full 0):
 garbage-first heap   total 49152K, used 17970K [0x0000000701e00000, 0x0000000800000000)
  region size 2048K, 2 young (4096K), 2 survivors (4096K)
 Metaspace       used 33159K, committed 33536K, reserved 1081344K
  class space    used 4377K, committed 4544K, reserved 1048576K
}
Event: 34.276 GC heap before
{Heap before GC invocations=13 (full 0):
 garbage-first heap   total 49152K, used 36402K [0x0000000701e00000, 0x0000000800000000)
  region size 2048K, 11 young (22528K), 2 survivors (4096K)
 Metaspace       used 34344K, committed 34624K, reserved 1081344K
  class space    used 4551K, committed 4672K, reserved 1048576K
}
Event: 34.279 GC heap after
{Heap after GC invocations=14 (full 0):
 garbage-first heap   total 49152K, used 19189K [0x0000000701e00000, 0x0000000800000000)
  region size 2048K, 2 young (4096K), 2 survivors (4096K)
 Metaspace       used 34344K, committed 34624K, reserved 1081344K
  class space    used 4551K, committed 4672K, reserved 1048576K
}

