# JRE version: Java(TM) SE Runtime Environment (17.0.6+9) (build 17.0.6+9-LTS-190)
# Java VM: Java HotSpot(TM) 64-Bit Server VM (17.0.6+9-LTS-190, mixed mode, emulated-client, sharing, tiered, compressed oops, compressed class ptrs, g1 gc, windows-amd64)
GC Precious Log:
 CPUs: 12 total, 12 available
 Memory: 16263M
 Large Page Support: Disabled
 NUMA Support: Disabled
 Compressed Oops: Enabled (Zero based)
 Heap Region Size: 2M
 Heap Min Capacity: 8M
 Heap Initial Capacity: 256M
 Heap Max Capacity: 4066M
 Pre-touch: Disabled
 Parallel Workers: 10
 Concurrent Workers: 3
 Concurrent Refinement Workers: 10
 Periodic GC: Disabled
Heap:
 garbage-first heap   total 55296K, used 23089K [0x0000000701e00000, 0x0000000800000000)
  region size 2048K, 5 young (10240K), 2 survivors (4096K)
 Metaspace       used 34360K, committed 34688K, reserved 1081344K
  class space    used 4553K, committed 4736K, reserved 1048576K
GC Heap History (20 events):
Event: 20.964 GC heap before
{Heap before GC invocations=1 (full 0):
 garbage-first heap   total 262144K, used 30352K [0x0000000701e00000, 0x0000000800000000)
  region size 2048K, 15 young (30720K), 2 survivors (4096K)
 Metaspace       used 9174K, committed 9408K, reserved 1064960K
  class space    used 1103K, committed 1216K, reserved 1048576K
}
Event: 20.968 GC heap after
{Heap after GC invocations=2 (full 0):
 garbage-first heap   total 262144K, used 6724K [0x0000000701e00000, 0x0000000800000000)
  region size 2048K, 1 young (2048K), 1 survivors (2048K)
 Metaspace       used 9174K, committed 9408K, reserved 1064960K
  class space    used 1103K, committed 1216K, reserved 1048576K
}
Event: 27.939 GC heap before
{Heap before GC invocations=2 (full 0):
 garbage-first heap   total 262144K, used 158276K [0x0000000701e00000, 0x0000000800000000)
  region size 2048K, 76 young (155648K), 1 survivors (2048K)
 Metaspace       used 21192K, committed 21504K, reserved 1073152K
  class space    used 2766K, committed 2944K, reserved 1048576K
}
Event: 27.944 GC heap after
{Heap after GC invocations=3 (full 0):
 garbage-first heap   total 262144K, used 10628K [0x0000000701e00000, 0x0000000800000000)
  region size 2048K, 3 young (6144K), 3 survivors (6144K)
 Metaspace       used 21192K, committed 21504K, reserved 1073152K
  class space    used 2766K, committed 2944K, reserved 1048576K
}
Event: 27.970 GC heap before
{Heap before GC invocations=3 (full 0):
 garbage-first heap   total 262144K, used 10628K [0x0000000701e00000, 0x0000000800000000)
  region size 2048K, 4 young (8192K), 3 survivors (6144K)
 Metaspace       used 21228K, committed 21504K, reserved 1073152K
  class space    used 2772K, committed 2944K, reserved 1048576K
}
Event: 27.975 GC heap after
{Heap after GC invocations=4 (full 0):
 garbage-first heap   total 262144K, used 10771K [0x0000000701e00000, 0x0000000800000000)
  region size 2048K, 3 young (6144K), 3 survivors (6144K)
 Metaspace       used 21228K, committed 21504K, reserved 1073152K
  class space    used 2772K, committed 2944K, reserved 1048576K
}
Event: 29.753 GC heap before
{Heap before GC invocations=5 (full 0):
 garbage-first heap   total 55296K, used 37395K [0x0000000701e00000, 0x0000000800000000)
  region size 2048K, 16 young (32768K), 3 survivors (6144K)
 Metaspace       used 23356K, committed 23616K, reserved 1073152K
  class space    used 3076K, committed 3200K, reserved 1048576K
}
Event: 29.759 GC heap after
{Heap after GC invocations=6 (full 0):
 garbage-first heap   total 55296K, used 12250K [0x0000000701e00000, 0x0000000800000000)
  region size 2048K, 1 young (2048K), 1 survivors (2048K)
 Metaspace       used 23356K, committed 23616K, reserved 1073152K
  class space    used 3076K, committed 3200K, reserved 1048576K
}
Event: 29.858 GC heap before
{Heap before GC invocations=6 (full 0):
 garbage-first heap   total 55296K, used 14298K [0x0000000701e00000, 0x0000000800000000)
  region size 2048K, 2 young (4096K), 1 survivors (2048K)
 Metaspace       used 23565K, committed 23808K, reserved 1073152K
  class space    used 3117K, committed 3264K, reserved 1048576K
}
Event: 29.861 GC heap after
{Heap after GC invocations=7 (full 0):
 garbage-first heap   total 55296K, used 12243K [0x0000000701e00000, 0x0000000800000000)
  region size 2048K, 1 young (2048K), 1 survivors (2048K)
 Metaspace       used 23565K, committed 23808K, reserved 1073152K
  class space    used 3117K, committed 3264K, reserved 1048576K
}
Event: 30.860 GC heap before
{Heap before GC invocations=7 (full 0):
 garbage-first heap   total 55296K, used 38867K [0x0000000701e00000, 0x0000000800000000)
  region size 2048K, 14 young (28672K), 1 survivors (2048K)
 Metaspace       used 25899K, committed 26176K, reserved 1073152K
  class space    used 3438K, committed 3584K, reserved 1048576K
}
Event: 30.863 GC heap after
{Heap after GC invocations=8 (full 0):
 garbage-first heap   total 55296K, used 13775K [0x0000000701e00000, 0x0000000800000000)
  region size 2048K, 1 young (2048K), 1 survivors (2048K)
 Metaspace       used 25899K, committed 26176K, reserved 1073152K
  class space    used 3438K, committed 3584K, reserved 1048576K
}
Event: 34.329 GC heap before
{Heap before GC invocations=8 (full 0):
 garbage-first heap   total 55296K, used 40399K [0x0000000701e00000, 0x0000000800000000)
  region size 2048K, 14 young (28672K), 1 survivors (2048K)
 Metaspace       used 28376K, committed 28736K, reserved 1081344K
  class space    used 3726K, committed 3904K, reserved 1048576K
}
Event: 34.333 GC heap after
{Heap after GC invocations=9 (full 0):
 garbage-first heap   total 55296K, used 15476K [0x0000000701e00000, 0x0000000800000000)
  region size 2048K, 2 young (4096K), 2 survivors (4096K)
 Metaspace       used 28376K, committed 28736K, reserved 1081344K
  class space    used 3726K, committed 3904K, reserved 1048576K
}
Event: 35.585 GC heap before
{Heap before GC invocations=9 (full 0):
 garbage-first heap   total 55296K, used 40052K [0x0000000701e00000, 0x0000000800000000)
  region size 2048K, 14 young (28672K), 2 survivors (4096K)
 Metaspace       used 30448K, committed 30848K, reserved 1081344K
  class space    used 3990K, committed 4160K, reserved 1048576K
}
Event: 35.588 GC heap after
{Heap after GC invocations=10 (full 0):
 garbage-first heap   total 55296K, used 16824K [0x0000000701e00000, 0x0000000800000000)
  region size 2048K, 2 young (4096K), 2 survivors (4096K)
 Metaspace       used 30448K, committed 30848K, reserved 1081344K
  class space    used 3990K, committed 4160K, reserved 1048576K
}
Event: 37.660 GC heap before
{Heap before GC invocations=10 (full 0):
 garbage-first heap   total 55296K, used 39352K [0x0000000701e00000, 0x0000000800000000)
  region size 2048K, 14 young (28672K), 2 survivors (4096K)
 Metaspace       used 32744K, committed 33088K, reserved 1081344K
  class space    used 4314K, committed 4480K, reserved 1048576K
}
Event: 37.662 GC heap after
{Heap after GC invocations=11 (full 0):
 garbage-first heap   total 55296K, used 17553K [0x0000000701e00000, 0x0000000800000000)
  region size 2048K, 2 young (4096K), 2 survivors (4096K)
 Metaspace       used 32744K, committed 33088K, reserved 1081344K
  class space    used 4314K, committed 4480K, reserved 1048576K
}
Event: 39.241 GC heap before
{Heap before GC invocations=11 (full 0):
 garbage-first heap   total 55296K, used 40081K [0x0000000701e00000, 0x0000000800000000)
  region size 2048K, 13 young (26624K), 2 survivors (4096K)
 Metaspace       used 34050K, committed 34368K, reserved 1081344K
  class space    used 4512K, committed 4672K, reserved 1048576K
}
Event: 39.244 GC heap after
{Heap after GC invocations=12 (full 0):
 garbage-first heap   total 55296K, used 18993K [0x0000000701e00000, 0x0000000800000000)
  region size 2048K, 2 young (4096K), 2 survivors (4096K)
 Metaspace       used 34050K, committed 34368K, reserved 1081344K
  class space    used 4512K, committed 4672K, reserved 1048576K
}

