# JRE version: Java(TM) SE Runtime Environment (17.0.6+9) (build 17.0.6+9-LTS-190)
# Java VM: Java HotSpot(TM) 64-Bit Server VM (17.0.6+9-LTS-190, mixed mode, emulated-client, sharing, tiered, compressed oops, compressed class ptrs, g1 gc, windows-amd64)
GC Precious Log:
 CPUs: 12 total, 12 available
 Memory: 16263M
 Large Page Support: Disabled
 NUMA Support: Disabled
 Compressed Oops: Enabled (Zero based)
 Heap Region Size: 2M
 Heap Min Capacity: 8M
 Heap Initial Capacity: 256M
 Heap Max Capacity: 4066M
 Pre-touch: Disabled
 Parallel Workers: 10
 Concurrent Workers: 3
 Concurrent Refinement Workers: 10
 Periodic GC: Disabled
Heap:
 garbage-first heap   total 49152K, used 25396K [0x0000000701e00000, 0x0000000800000000)
  region size 2048K, 8 young (16384K), 1 survivors (2048K)
 Metaspace       used 25937K, committed 26176K, reserved 1073152K
  class space    used 3448K, committed 3584K, reserved 1048576K
GC Heap History (14 events):
Event: 30.059 GC heap before
{Heap before GC invocations=0 (full 0):
 garbage-first heap   total 262144K, used 22528K [0x0000000701e00000, 0x0000000800000000)
  region size 2048K, 11 young (22528K), 0 survivors (0K)
 Metaspace       used 6446K, committed 6528K, reserved 1056768K
  class space    used 736K, committed 768K, reserved 1048576K
}
Event: 30.159 GC heap after
{Heap after GC invocations=1 (full 0):
 garbage-first heap   total 262144K, used 5745K [0x0000000701e00000, 0x0000000800000000)
  region size 2048K, 2 young (4096K), 2 survivors (4096K)
 Metaspace       used 6446K, committed 6528K, reserved 1056768K
  class space    used 736K, committed 768K, reserved 1048576K
}
Event: 31.896 GC heap before
{Heap before GC invocations=1 (full 0):
 garbage-first heap   total 262144K, used 30321K [0x0000000701e00000, 0x0000000800000000)
  region size 2048K, 14 young (28672K), 2 survivors (4096K)
 Metaspace       used 8771K, committed 8960K, reserved 1064960K
  class space    used 1042K, committed 1152K, reserved 1048576K
}
Event: 31.901 GC heap after
{Heap after GC invocations=2 (full 0):
 garbage-first heap   total 262144K, used 6591K [0x0000000701e00000, 0x0000000800000000)
  region size 2048K, 1 young (2048K), 1 survivors (2048K)
 Metaspace       used 8771K, committed 8960K, reserved 1064960K
  class space    used 1042K, committed 1152K, reserved 1048576K
}
Event: 34.540 GC heap before
{Heap before GC invocations=2 (full 0):
 garbage-first heap   total 262144K, used 158143K [0x0000000701e00000, 0x0000000800000000)
  region size 2048K, 76 young (155648K), 1 survivors (2048K)
 Metaspace       used 20773K, committed 21056K, reserved 1073152K
  class space    used 2707K, committed 2816K, reserved 1048576K
}
Event: 34.548 GC heap after
{Heap after GC invocations=3 (full 0):
 garbage-first heap   total 262144K, used 10504K [0x0000000701e00000, 0x0000000800000000)
  region size 2048K, 3 young (6144K), 3 survivors (6144K)
 Metaspace       used 20773K, committed 21056K, reserved 1073152K
  class space    used 2707K, committed 2816K, reserved 1048576K
}
Event: 34.802 GC heap before
{Heap before GC invocations=3 (full 0):
 garbage-first heap   total 262144K, used 16648K [0x0000000701e00000, 0x0000000800000000)
  region size 2048K, 7 young (14336K), 3 survivors (6144K)
 Metaspace       used 21283K, committed 21504K, reserved 1073152K
  class space    used 2783K, committed 2880K, reserved 1048576K
}
Event: 34.807 GC heap after
{Heap after GC invocations=4 (full 0):
 garbage-first heap   total 262144K, used 10859K [0x0000000701e00000, 0x0000000800000000)
  region size 2048K, 3 young (6144K), 3 survivors (6144K)
 Metaspace       used 21283K, committed 21504K, reserved 1073152K
  class space    used 2783K, committed 2880K, reserved 1048576K
}
Event: 36.067 GC heap before
{Heap before GC invocations=5 (full 0):
 garbage-first heap   total 49152K, used 33387K [0x0000000701e00000, 0x0000000800000000)
  region size 2048K, 14 young (28672K), 3 survivors (6144K)
 Metaspace       used 23163K, committed 23424K, reserved 1073152K
  class space    used 3068K, committed 3200K, reserved 1048576K
}
Event: 36.076 GC heap after
{Heap after GC invocations=6 (full 0):
 garbage-first heap   total 49152K, used 12133K [0x0000000701e00000, 0x0000000800000000)
  region size 2048K, 1 young (2048K), 1 survivors (2048K)
 Metaspace       used 23163K, committed 23424K, reserved 1073152K
  class space    used 3068K, committed 3200K, reserved 1048576K
}
Event: 36.105 GC heap before
{Heap before GC invocations=6 (full 0):
 garbage-first heap   total 49152K, used 12133K [0x0000000701e00000, 0x0000000800000000)
  region size 2048K, 2 young (4096K), 1 survivors (2048K)
 Metaspace       used 23389K, committed 23680K, reserved 1073152K
  class space    used 3100K, committed 3264K, reserved 1048576K
}
Event: 36.108 GC heap after
{Heap after GC invocations=7 (full 0):
 garbage-first heap   total 49152K, used 12111K [0x0000000701e00000, 0x0000000800000000)
  region size 2048K, 1 young (2048K), 1 survivors (2048K)
 Metaspace       used 23389K, committed 23680K, reserved 1073152K
  class space    used 3100K, committed 3264K, reserved 1048576K
}
Event: 37.305 GC heap before
{Heap before GC invocations=7 (full 0):
 garbage-first heap   total 49152K, used 30543K [0x0000000701e00000, 0x0000000800000000)
  region size 2048K, 11 young (22528K), 1 survivors (2048K)
 Metaspace       used 25247K, committed 25472K, reserved 1073152K
  class space    used 3362K, committed 3456K, reserved 1048576K
}
Event: 37.307 GC heap after
{Heap after GC invocations=8 (full 0):
 garbage-first heap   total 49152K, used 13108K [0x0000000701e00000, 0x0000000800000000)
  region size 2048K, 1 young (2048K), 1 survivors (2048K)
 Metaspace       used 25247K, committed 25472K, reserved 1073152K
  class space    used 3362K, committed 3456K, reserved 1048576K
}

