# JRE version: Java(TM) SE Runtime Environment (17.0.6+9) (build 17.0.6+9-LTS-190)
# Java VM: Java HotSpot(TM) 64-Bit Server VM (17.0.6+9-LTS-190, mixed mode, emulated-client, sharing, tiered, compressed oops, compressed class ptrs, g1 gc, windows-amd64)
GC Precious Log:
 CPUs: 12 total, 12 available
 Memory: 16263M
 Large Page Support: Disabled
 NUMA Support: Disabled
 Compressed Oops: Enabled (Zero based)
 Heap Region Size: 2M
 Heap Min Capacity: 8M
 Heap Initial Capacity: 256M
 Heap Max Capacity: 4066M
 Pre-touch: Disabled
 Parallel Workers: 10
 Concurrent Workers: 3
 Concurrent Refinement Workers: 10
 Periodic GC: Disabled
Heap:
 garbage-first heap   total 49152K, used 22071K [0x0000000701e00000, 0x0000000800000000)
  region size 2048K, 7 young (14336K), 2 survivors (4096K)
 Metaspace       used 29193K, committed 29568K, reserved 1081344K
  class space    used 3859K, committed 4032K, reserved 1048576K
GC Heap History (18 events):
Event: 14.408 GC heap before
{Heap before GC invocations=0 (full 0):
 garbage-first heap   total 262144K, used 22528K [0x0000000701e00000, 0x0000000800000000)
  region size 2048K, 11 young (22528K), 0 survivors (0K)
 Metaspace       used 6487K, committed 6656K, reserved 1056768K
  class space    used 741K, committed 832K, reserved 1048576K
}
Event: 14.456 GC heap after
{Heap after GC invocations=1 (full 0):
 garbage-first heap   total 262144K, used 5694K [0x0000000701e00000, 0x0000000800000000)
  region size 2048K, 2 young (4096K), 2 survivors (4096K)
 Metaspace       used 6487K, committed 6656K, reserved 1056768K
  class space    used 741K, committed 832K, reserved 1048576K
}
Event: 17.475 GC heap before
{Heap before GC invocations=1 (full 0):
 garbage-first heap   total 262144K, used 32318K [0x0000000701e00000, 0x0000000800000000)
  region size 2048K, 15 young (30720K), 2 survivors (4096K)
 Metaspace       used 9374K, committed 9536K, reserved 1064960K
  class space    used 1130K, committed 1216K, reserved 1048576K
}
Event: 17.479 GC heap after
{Heap after GC invocations=2 (full 0):
 garbage-first heap   total 262144K, used 7043K [0x0000000701e00000, 0x0000000800000000)
  region size 2048K, 1 young (2048K), 1 survivors (2048K)
 Metaspace       used 9374K, committed 9536K, reserved 1064960K
  class space    used 1130K, committed 1216K, reserved 1048576K
}
Event: 24.390 GC heap before
{Heap before GC invocations=2 (full 0):
 garbage-first heap   total 262144K, used 160643K [0x0000000701e00000, 0x0000000800000000)
  region size 2048K, 76 young (155648K), 1 survivors (2048K)
 Metaspace       used 21221K, committed 21504K, reserved 1073152K
  class space    used 2768K, committed 2944K, reserved 1048576K
}
Event: 24.412 GC heap after
{Heap after GC invocations=3 (full 0):
 garbage-first heap   total 262144K, used 10822K [0x0000000701e00000, 0x0000000800000000)
  region size 2048K, 3 young (6144K), 3 survivors (6144K)
 Metaspace       used 21221K, committed 21504K, reserved 1073152K
  class space    used 2768K, committed 2944K, reserved 1048576K
}
Event: 24.415 GC heap before
{Heap before GC invocations=3 (full 0):
 garbage-first heap   total 262144K, used 10822K [0x0000000701e00000, 0x0000000800000000)
  region size 2048K, 4 young (8192K), 3 survivors (6144K)
 Metaspace       used 21224K, committed 21504K, reserved 1073152K
  class space    used 2769K, committed 2944K, reserved 1048576K
}
Event: 24.420 GC heap after
{Heap after GC invocations=4 (full 0):
 garbage-first heap   total 262144K, used 11132K [0x0000000701e00000, 0x0000000800000000)
  region size 2048K, 3 young (6144K), 3 survivors (6144K)
 Metaspace       used 21224K, committed 21504K, reserved 1073152K
  class space    used 2769K, committed 2944K, reserved 1048576K
}
Event: 25.834 GC heap before
{Heap before GC invocations=5 (full 0):
 garbage-first heap   total 49152K, used 33660K [0x0000000701e00000, 0x0000000800000000)
  region size 2048K, 14 young (28672K), 3 survivors (6144K)
 Metaspace       used 22926K, committed 23232K, reserved 1073152K
  class space    used 3039K, committed 3200K, reserved 1048576K
}
Event: 25.840 GC heap after
{Heap after GC invocations=6 (full 0):
 garbage-first heap   total 49152K, used 12064K [0x0000000701e00000, 0x0000000800000000)
  region size 2048K, 1 young (2048K), 1 survivors (2048K)
 Metaspace       used 22926K, committed 23232K, reserved 1073152K
  class space    used 3039K, committed 3200K, reserved 1048576K
}
Event: 26.133 GC heap before
{Heap before GC invocations=6 (full 0):
 garbage-first heap   total 49152K, used 14112K [0x0000000701e00000, 0x0000000800000000)
  region size 2048K, 2 young (4096K), 1 survivors (2048K)
 Metaspace       used 23361K, committed 23616K, reserved 1073152K
  class space    used 3098K, committed 3200K, reserved 1048576K
}
Event: 26.136 GC heap after
{Heap after GC invocations=7 (full 0):
 garbage-first heap   total 49152K, used 12156K [0x0000000701e00000, 0x0000000800000000)
  region size 2048K, 1 young (2048K), 1 survivors (2048K)
 Metaspace       used 23361K, committed 23616K, reserved 1073152K
  class space    used 3098K, committed 3200K, reserved 1048576K
}
Event: 27.338 GC heap before
{Heap before GC invocations=7 (full 0):
 garbage-first heap   total 49152K, used 30588K [0x0000000701e00000, 0x0000000800000000)
  region size 2048K, 11 young (22528K), 1 survivors (2048K)
 Metaspace       used 25233K, committed 25536K, reserved 1073152K
  class space    used 3371K, committed 3520K, reserved 1048576K
}
Event: 27.340 GC heap after
{Heap after GC invocations=8 (full 0):
 garbage-first heap   total 49152K, used 13267K [0x0000000701e00000, 0x0000000800000000)
  region size 2048K, 1 young (2048K), 1 survivors (2048K)
 Metaspace       used 25233K, committed 25536K, reserved 1073152K
  class space    used 3371K, committed 3520K, reserved 1048576K
}
Event: 29.405 GC heap before
{Heap before GC invocations=8 (full 0):
 garbage-first heap   total 49152K, used 33747K [0x0000000701e00000, 0x0000000800000000)
  region size 2048K, 11 young (22528K), 1 survivors (2048K)
 Metaspace       used 26712K, committed 27008K, reserved 1073152K
  class space    used 3528K, committed 3648K, reserved 1048576K
}
Event: 29.408 GC heap after
{Heap after GC invocations=9 (full 0):
 garbage-first heap   total 49152K, used 14843K [0x0000000701e00000, 0x0000000800000000)
  region size 2048K, 2 young (4096K), 2 survivors (4096K)
 Metaspace       used 26712K, committed 27008K, reserved 1073152K
  class space    used 3528K, committed 3648K, reserved 1048576K
}
Event: 33.175 GC heap before
{Heap before GC invocations=9 (full 0):
 garbage-first heap   total 49152K, used 35323K [0x0000000701e00000, 0x0000000800000000)
  region size 2048K, 12 young (24576K), 2 survivors (4096K)
 Metaspace       used 28581K, committed 28928K, reserved 1081344K
  class space    used 3763K, committed 3904K, reserved 1048576K
}
Event: 33.178 GC heap after
{Heap after GC invocations=10 (full 0):
 garbage-first heap   total 49152K, used 15927K [0x0000000701e00000, 0x0000000800000000)
  region size 2048K, 2 young (4096K), 2 survivors (4096K)
 Metaspace       used 28581K, committed 28928K, reserved 1081344K
  class space    used 3763K, committed 3904K, reserved 1048576K
}

