# JRE version: Java(TM) SE Runtime Environment (17.0.6+9) (build 17.0.6+9-LTS-190)
# Java VM: Java HotSpot(TM) 64-Bit Server VM (17.0.6+9-LTS-190, mixed mode, emulated-client, sharing, tiered, compressed oops, compressed class ptrs, g1 gc, windows-amd64)
GC Precious Log:
 CPUs: 12 total, 12 available
 Memory: 16263M
 Large Page Support: Disabled
 NUMA Support: Disabled
 Compressed Oops: Enabled (Zero based)
 Heap Region Size: 2M
 Heap Min Capacity: 8M
 Heap Initial Capacity: 256M
 Heap Max Capacity: 4066M
 Pre-touch: Disabled
 Parallel Workers: 10
 Concurrent Workers: 3
 Concurrent Refinement Workers: 10
 Periodic GC: Disabled
Heap:
 garbage-first heap   total 262144K, used 67487K [0x0000000701e00000, 0x0000000800000000)
  region size 2048K, 32 young (65536K), 2 survivors (4096K)
 Metaspace       used 19369K, committed 19584K, reserved 1073152K
  class space    used 2505K, committed 2624K, reserved 1048576K
GC Heap History (6 events):
Event: 35.026 GC heap before
{Heap before GC invocations=0 (full 0):
 garbage-first heap   total 262144K, used 22528K [0x0000000701e00000, 0x0000000800000000)
  region size 2048K, 11 young (22528K), 0 survivors (0K)
 Metaspace       used 6392K, committed 6528K, reserved 1056768K
  class space    used 730K, committed 768K, reserved 1048576K
}
Event: 35.090 GC heap after
{Heap after GC invocations=1 (full 0):
 garbage-first heap   total 262144K, used 5831K [0x0000000701e00000, 0x0000000800000000)
  region size 2048K, 2 young (4096K), 2 survivors (4096K)
 Metaspace       used 6392K, committed 6528K, reserved 1056768K
  class space    used 730K, committed 768K, reserved 1048576K
}
Event: 36.118 GC heap before
{Heap before GC invocations=1 (full 0):
 garbage-first heap   total 262144K, used 28359K [0x0000000701e00000, 0x0000000800000000)
  region size 2048K, 13 young (26624K), 2 survivors (4096K)
 Metaspace       used 8660K, committed 8896K, reserved 1064960K
  class space    used 1025K, committed 1152K, reserved 1048576K
}
Event: 36.122 GC heap after
{Heap after GC invocations=2 (full 0):
 garbage-first heap   total 262144K, used 6600K [0x0000000701e00000, 0x0000000800000000)
  region size 2048K, 1 young (2048K), 1 survivors (2048K)
 Metaspace       used 8660K, committed 8896K, reserved 1064960K
  class space    used 1025K, committed 1152K, reserved 1048576K
}
Event: 40.667 GC heap before
{Heap before GC invocations=2 (full 0):
 garbage-first heap   total 262144K, used 70088K [0x0000000701e00000, 0x0000000800000000)
  region size 2048K, 33 young (67584K), 1 survivors (2048K)
 Metaspace       used 14795K, committed 15104K, reserved 1064960K
  class space    used 1900K, committed 2048K, reserved 1048576K
}
Event: 40.670 GC heap after
{Heap after GC invocations=3 (full 0):
 garbage-first heap   total 262144K, used 8095K [0x0000000701e00000, 0x0000000800000000)
  region size 2048K, 2 young (4096K), 2 survivors (4096K)
 Metaspace       used 14795K, committed 15104K, reserved 1064960K
  class space    used 1900K, committed 2048K, reserved 1048576K
}

